<?xml version="1.0" encoding="UTF-8" standalone="no"?><!DOCTYPE report PUBLIC "-//JACOCO//DTD Report 1.1//EN" "report.dtd"><report name="Pester (12/27/2020 10:36:29)"><sessioninfo id="this" start="1609065369629" dump="1609065389788" /><package name="public"><class name="public/Select-AnalysisServicesDeploymentExeVersion" sourcefilename="Select-AnalysisServicesDeploymentExeVersion.ps1"><method name="Select-AnalysisServicesDeploymentExeVersion" desc="()" line="41"><counter type="INSTRUCTION" missed="5" covered="16" /><counter type="LINE" missed="4" covered="12" /><counter type="METHOD" missed="0" covered="1" /></method><counter type="INSTRUCTION" missed="5" covered="16" /><counter type="LINE" missed="4" covered="12" /><counter type="METHOD" missed="0" covered="1" /><counter type="CLASS" missed="0" covered="1" /></class><sourcefile name="Select-AnalysisServicesDeploymentExeVersion.ps1"><line nr="41" mi="0" ci="1" mb="0" cb="0" /><line nr="42" mi="0" ci="1" mb="0" cb="0" /><line nr="43" mi="0" ci="3" mb="0" cb="0" /><line nr="46" mi="0" ci="1" mb="0" cb="0" /><line nr="47" mi="0" ci="2" mb="0" cb="0" /><line nr="48" mi="0" ci="1" mb="0" cb="0" /><line nr="51" mi="0" ci="1" mb="0" cb="0" /><line nr="55" mi="0" ci="1" mb="0" cb="0" /><line nr="56" mi="0" ci="2" mb="0" cb="0" /><line nr="58" mi="0" ci="1" mb="0" cb="0" /><line nr="59" mi="0" ci="1" mb="0" cb="0" /><line nr="62" mi="0" ci="1" mb="0" cb="0" /><line nr="67" mi="1" ci="0" mb="0" cb="0" /><line nr="68" mi="1" ci="0" mb="0" cb="0" /><line nr="71" mi="2" ci="0" mb="0" cb="0" /><line nr="75" mi="1" ci="0" mb="0" cb="0" /><counter type="INSTRUCTION" missed="5" covered="16" /><counter type="LINE" missed="4" covered="12" /><counter type="METHOD" missed="0" covered="1" /><counter type="CLASS" missed="0" covered="1" /></sourcefile><counter type="INSTRUCTION" missed="5" covered="16" /><counter type="LINE" missed="4" covered="12" /><counter type="METHOD" missed="0" covered="1" /><counter type="CLASS" missed="0" covered="1" /></package><counter type="INSTRUCTION" missed="5" covered="16" /><counter type="LINE" missed="4" covered="12" /><counter type="METHOD" missed="0" covered="1" /><counter type="CLASS" missed="0" covered="1" /></report>
